Arguments: 
  /usr/local/Cellar/node/9.10.1/bin/node /usr/local/Cellar/yarn/1.5.1_1/libexec/bin/yarn.js update

PATH: 
  /Users/hafizan/.rvm/gems/ruby-2.5.0/bin:/Users/hafizan/.rvm/gems/ruby-2.5.0@global/bin:/Users/hafizan/.rvm/rubies/ruby-2.5.0/bin:/usr/local/opt/openssl/bin:/usr/local/sbin:/usr/local/bin:/usr/bin:/bin:/usr/sbin:/sbin:/Volumes/old/Users/hafizan/Library/Android/sdk/tools:/Volumes/old/Users/hafizan/Library/Android/sdk/platform-tools:/Applications/MAMP/Library/bin:/Users/hafizan/.rvm/bin:/Users/hafizan/.rvm/bin

Yarn version: 
  1.5.1

Node version: 
  9.10.1

Platform: 
  darwin x64

npm manifest: 
  {
    "dependencies": {
      "bootstrap": "^4.0.0",
      "holder": "^0.0.0",
      "jquery-slim": "^3.0.0"
    }
  }

yarn manifest: 
  No manifest

Lockfile: 
  # THIS IS AN AUTOGENERATED FILE. DO NOT EDIT THIS FILE DIRECTLY.
  # yarn lockfile v1
  
  
  bootstrap@^4.0.0:
    version "4.0.0"
    resolved "https://registry.yarnpkg.com/bootstrap/-/bootstrap-4.0.0.tgz#ceb03842c145fcc1b9b4e15da2a05656ba68469a"
  
  holder@^0.0.0:
    version "0.0.0"
    resolved "https://registry.yarnpkg.com/holder/-/holder-0.0.0.tgz#f298900554a57f458e1088377a6fdd899c92f646"
  
  jquery-slim@^3.0.0:
    version "3.0.0"
    resolved "https://registry.yarnpkg.com/jquery-slim/-/jquery-slim-3.0.0.tgz#87ab2fa10501798e93124a4b5eb953c85379707e"

Trace: 
  Error: Command "update" not found.
      at new MessageError (/usr/local/Cellar/yarn/1.5.1_1/libexec/lib/cli.js:186:110)
      at /usr/local/Cellar/yarn/1.5.1_1/libexec/lib/cli.js:87307:17
      at Generator.next (<anonymous>)
      at step (/usr/local/Cellar/yarn/1.5.1_1/libexec/lib/cli.js:98:30)
      at /usr/local/Cellar/yarn/1.5.1_1/libexec/lib/cli.js:116:14
      at new Promise (<anonymous>)
      at new F (/usr/local/Cellar/yarn/1.5.1_1/libexec/lib/cli.js:23451:28)
      at /usr/local/Cellar/yarn/1.5.1_1/libexec/lib/cli.js:95:12
      at runCommand (/usr/local/Cellar/yarn/1.5.1_1/libexec/lib/cli.js:87312:22)
      at Object.<anonymous> (/usr/local/Cellar/yarn/1.5.1_1/libexec/lib/cli.js:87412:14)
